<?xml version="1.0" encoding="UTF-8"?>
<!-- Generated by org.testng.reporters.JUnitReportReporter -->
<testsuite hostname="WINDOWS-LK02KV2" name="com.bfm.test.login.TC_Login_Second_Success" tests="1" failures="0" timestamp="8 Dec 2015 14:19:15 GMT" time="13.352" errors="0">
  <testcase name="loginSecondSuccessTest" time="13.352" classname="com.bfm.test.login.TC_Login_Second_Success"/>
</testsuite> <!-- com.bfm.test.login.TC_Login_Second_Success -->
