<?xml version="1.0" encoding="UTF-8"?>
<!-- Generated by org.testng.reporters.JUnitReportReporter -->
<testsuite hostname="WINDOWS-LK02KV2" name="com.bfm.test.login.TC_Login_First_Success" tests="1" failures="0" timestamp="9 Dec 2015 05:03:18 GMT" time="26.315" errors="0">
  <testcase name="loginSuccessTest" time="26.315" classname="com.bfm.test.login.TC_Login_First_Success"/>
</testsuite> <!-- com.bfm.test.login.TC_Login_First_Success -->
