<?xml version="1.0" encoding="UTF-8"?>
<!-- Generated by org.testng.reporters.JUnitReportReporter -->
<testsuite hostname="WINDOWS-LK02KV2" name="com.bfm.test.login.TC_Login_Failed" tests="1" failures="0" timestamp="27 Nov 2015 01:19:33 GMT" time="0.475" errors="0">
  <testcase name="loginFailTest" time="0.475" classname="com.bfm.test.login.TC_Login_Failed"/>
</testsuite> <!-- com.bfm.test.login.TC_Login_Failed -->
