<?xml version="1.0" encoding="UTF-8"?>
<!-- Generated by org.testng.reporters.JUnitReportReporter -->
<testsuite hostname="WINDOWS-LK02KV2" name="com.bfm.test.login.LoginInFailedTest" tests="1" failures="0" timestamp="25 Nov 2015 13:01:39 GMT" time="0.969" errors="0">
  <testcase name="loginFailTest" time="0.969" classname="com.bfm.test.login.LoginInFailedTest"/>
</testsuite> <!-- com.bfm.test.login.LoginInFailedTest -->
